[2015.09.24-16.20.43:492][  0]Log file open, 09/24/15 18:20:43
[2015.09.24-16.20.43:492][  0]LogInit:Display: Running engine for game: PlaysirGame
[2015.09.24-16.20.43:492][  0]LogInit:Display: RandInit(1156687924) SRandInit(1156687925).
[2015.09.24-16.20.43:492][  0]LogTaskGraph: Started task graph with 4 named threads and 8 total threads.
[2015.09.24-16.20.43:492][  0]LogStats: Stats thread started
[2015.09.24-16.20.43:492][  0]LogInit:Warning: Incompatible or missing module: UE4Editor-PlaysirGame.dll
[2015.09.24-16.20.47:152][  0]LogExit: Preparing to exit.
[2015.09.24-16.20.47:152][  0]LogModuleManager: Shutting down and abandoning module TextureCompressor (13)
[2015.09.24-16.20.47:152][  0]LogModuleManager: Shutting down and abandoning module ShaderCore (12)
[2015.09.24-16.20.47:152][  0]LogModuleManager: Shutting down and abandoning module Landscape (11)
[2015.09.24-16.20.47:152][  0]LogModuleManager: Shutting down and abandoning module SlateRHIRenderer (10)
[2015.09.24-16.20.47:152][  0]LogModuleManager: Shutting down and abandoning module OpenGLDrv (9)
[2015.09.24-16.20.47:152][  0]LogModuleManager: Shutting down and abandoning module D3D11RHI (8)
[2015.09.24-16.20.47:152][  0]LogModuleManager: Shutting down and abandoning module Renderer (7)
[2015.09.24-16.20.47:152][  0]LogModuleManager: Shutting down and abandoning module Engine (6)
[2015.09.24-16.20.47:152][  0]LogModuleManager: Shutting down and abandoning module CoreUObject (5)
[2015.09.24-16.20.47:152][  0]LogModuleManager: Shutting down and abandoning module NetworkFile (4)
[2015.09.24-16.20.47:152][  0]LogModuleManager: Shutting down and abandoning module StreamingFile (3)
[2015.09.24-16.20.47:152][  0]LogModuleManager: Shutting down and abandoning module SandboxFile (2)
[2015.09.24-16.20.47:152][  0]LogModuleManager: Shutting down and abandoning module PakFile (1)
[2015.09.24-16.20.47:153][  0]LogExit: Exiting.
[2015.09.24-16.20.47:154][  0]Log file closed, 09/24/15 18:20:47
